# JRE version: OpenJDK Runtime Environment Temurin-21.0.4+7 (21.0.4+7) (build 21.0.4+7-LTS)
# Java VM: OpenJDK 64-Bit Server VM Temurin-21.0.4+7 (21.0.4+7-LTS, mixed mode, emulated-client, tiered, compressed oops, compressed class ptrs, g1 gc, windows-amd64)
GC Precious Log:
 CardTable entry size: 512
 Card Set container configuration: InlinePtr #cards 4 size 8 Array Of Cards #cards 32 size 80 Howl #buckets 8 coarsen threshold 7372 Howl Bitmap #cards 1024 size 144 coarsen threshold 921 Card regions per heap region 1 cards per card region 8192
 CPUs: 8 total, 8 available
 Memory: 32491M
 Large Page Support: Disabled
 NUMA Support: Disabled
 Compressed Oops: Enabled (Zero based)
 Heap Region Size: 4M
 Heap Min Capacity: 8M
 Heap Initial Capacity: 508M
 Heap Max Capacity: 8124M
 Pre-touch: Disabled
 Parallel Workers: 8
 Concurrent Workers: 2
 Concurrent Refinement Workers: 8
 Periodic GC: Disabled
Heap:
 garbage-first heap   total 315392K, used 116007K [0x0000000604400000, 0x0000000800000000)
  region size 4096K, 21 young (86016K), 2 survivors (8192K)
 Metaspace       used 95726K, committed 96512K, reserved 1179648K
  class space    used 13032K, committed 13376K, reserved 1048576K
GC Heap History (20 events):
Event: 3.972 GC heap after
{Heap after GC invocations=13 (full 0):
 garbage-first heap   total 69632K, used 21009K [0x0000000604400000, 0x0000000800000000)
  region size 4096K, 2 young (8192K), 2 survivors (8192K)
 Metaspace       used 43532K, committed 44096K, reserved 1114112K
  class space    used 5416K, committed 5696K, reserved 1048576K
}
Event: 4.360 GC heap before
{Heap before GC invocations=13 (full 0):
 garbage-first heap   total 69632K, used 49681K [0x0000000604400000, 0x0000000800000000)
  region size 4096K, 10 young (40960K), 2 survivors (8192K)
 Metaspace       used 45635K, committed 46208K, reserved 1114112K
  class space    used 5702K, committed 5952K, reserved 1048576K
}
Event: 4.364 GC heap after
{Heap after GC invocations=14 (full 0):
 garbage-first heap   total 294912K, used 22108K [0x0000000604400000, 0x0000000800000000)
  region size 4096K, 2 young (8192K), 2 survivors (8192K)
 Metaspace       used 45635K, committed 46208K, reserved 1114112K
  class space    used 5702K, committed 5952K, reserved 1048576K
}
Event: 5.569 GC heap before
{Heap before GC invocations=14 (full 0):
 garbage-first heap   total 294912K, used 132700K [0x0000000604400000, 0x0000000800000000)
  region size 4096K, 31 young (126976K), 2 survivors (8192K)
 Metaspace       used 59698K, committed 60288K, reserved 1114112K
  class space    used 7587K, committed 7872K, reserved 1048576K
}
Event: 5.576 GC heap after
{Heap after GC invocations=15 (full 0):
 garbage-first heap   total 294912K, used 25565K [0x0000000604400000, 0x0000000800000000)
  region size 4096K, 3 young (12288K), 3 survivors (12288K)
 Metaspace       used 59698K, committed 60288K, reserved 1114112K
  class space    used 7587K, committed 7872K, reserved 1048576K
}
Event: 6.104 GC heap before
{Heap before GC invocations=16 (full 0):
 garbage-first heap   total 110592K, used 78813K [0x0000000604400000, 0x0000000800000000)
  region size 4096K, 16 young (65536K), 3 survivors (12288K)
 Metaspace       used 64292K, committed 64896K, reserved 1114112K
  class space    used 8232K, committed 8512K, reserved 1048576K
}
Event: 6.111 GC heap after
{Heap after GC invocations=17 (full 0):
 garbage-first heap   total 110592K, used 27010K [0x0000000604400000, 0x0000000800000000)
  region size 4096K, 2 young (8192K), 2 survivors (8192K)
 Metaspace       used 64292K, committed 64896K, reserved 1114112K
  class space    used 8232K, committed 8512K, reserved 1048576K
}
Event: 6.778 GC heap before
{Heap before GC invocations=17 (full 0):
 garbage-first heap   total 110592K, used 84354K [0x0000000604400000, 0x0000000800000000)
  region size 4096K, 16 young (65536K), 2 survivors (8192K)
 Metaspace       used 70651K, committed 71232K, reserved 1114112K
  class space    used 9250K, committed 9536K, reserved 1048576K
}
Event: 6.783 GC heap after
{Heap after GC invocations=18 (full 0):
 garbage-first heap   total 110592K, used 27990K [0x0000000604400000, 0x0000000800000000)
  region size 4096K, 1 young (4096K), 1 survivors (4096K)
 Metaspace       used 70651K, committed 71232K, reserved 1114112K
  class space    used 9250K, committed 9536K, reserved 1048576K
}
Event: 7.406 GC heap before
{Heap before GC invocations=18 (full 0):
 garbage-first heap   total 110592K, used 89430K [0x0000000604400000, 0x0000000800000000)
  region size 4096K, 16 young (65536K), 1 survivors (4096K)
 Metaspace       used 76156K, committed 76864K, reserved 1179648K
  class space    used 10027K, committed 10368K, reserved 1048576K
}
Event: 7.409 GC heap after
{Heap after GC invocations=19 (full 0):
 garbage-first heap   total 110592K, used 29757K [0x0000000604400000, 0x0000000800000000)
  region size 4096K, 2 young (8192K), 2 survivors (8192K)
 Metaspace       used 76156K, committed 76864K, reserved 1179648K
  class space    used 10027K, committed 10368K, reserved 1048576K
}
Event: 8.003 GC heap before
{Heap before GC invocations=19 (full 0):
 garbage-first heap   total 110592K, used 87101K [0x0000000604400000, 0x0000000800000000)
  region size 4096K, 16 young (65536K), 2 survivors (8192K)
 Metaspace       used 81129K, committed 81856K, reserved 1179648K
  class space    used 10807K, committed 11136K, reserved 1048576K
}
Event: 8.008 GC heap after
{Heap after GC invocations=20 (full 0):
 garbage-first heap   total 110592K, used 32318K [0x0000000604400000, 0x0000000800000000)
  region size 4096K, 2 young (8192K), 2 survivors (8192K)
 Metaspace       used 81129K, committed 81856K, reserved 1179648K
  class space    used 10807K, committed 11136K, reserved 1048576K
}
Event: 8.287 GC heap before
{Heap before GC invocations=20 (full 0):
 garbage-first heap   total 110592K, used 85566K [0x0000000604400000, 0x0000000800000000)
  region size 4096K, 16 young (65536K), 2 survivors (8192K)
 Metaspace       used 82823K, committed 83520K, reserved 1179648K
  class space    used 11165K, committed 11456K, reserved 1048576K
}
Event: 8.304 GC heap after
{Heap after GC invocations=21 (full 0):
 garbage-first heap   total 110592K, used 36003K [0x0000000604400000, 0x0000000800000000)
  region size 4096K, 2 young (8192K), 2 survivors (8192K)
 Metaspace       used 82823K, committed 83520K, reserved 1179648K
  class space    used 11165K, committed 11456K, reserved 1048576K
}
Event: 8.818 GC heap before
{Heap before GC invocations=21 (full 0):
 garbage-first heap   total 110592K, used 89251K [0x0000000604400000, 0x0000000800000000)
  region size 4096K, 15 young (61440K), 2 survivors (8192K)
 Metaspace       used 86454K, committed 87232K, reserved 1179648K
  class space    used 11699K, committed 12032K, reserved 1048576K
}
Event: 8.823 GC heap after
{Heap after GC invocations=22 (full 0):
 garbage-first heap   total 110592K, used 37037K [0x0000000604400000, 0x0000000800000000)
  region size 4096K, 2 young (8192K), 2 survivors (8192K)
 Metaspace       used 86454K, committed 87232K, reserved 1179648K
  class space    used 11699K, committed 12032K, reserved 1048576K
}
Event: 9.502 GC heap before
{Heap before GC invocations=22 (full 0):
 garbage-first heap   total 110592K, used 90285K [0x0000000604400000, 0x0000000800000000)
  region size 4096K, 15 young (61440K), 2 survivors (8192K)
 Metaspace       used 89261K, committed 90048K, reserved 1179648K
  class space    used 12139K, committed 12480K, reserved 1048576K
}
Event: 9.508 GC heap after
{Heap after GC invocations=23 (full 0):
 garbage-first heap   total 315392K, used 39440K [0x0000000604400000, 0x0000000800000000)
  region size 4096K, 2 young (8192K), 2 survivors (8192K)
 Metaspace       used 89261K, committed 90048K, reserved 1179648K
  class space    used 12139K, committed 12480K, reserved 1048576K
}
Event: 91.330 GC heap before
{Heap before GC invocations=23 (full 0):
 garbage-first heap   total 315392K, used 109072K [0x0000000604400000, 0x0000000800000000)
  region size 4096K, 21 young (86016K), 2 survivors (8192K)
 Metaspace       used 95726K, committed 96512K, reserved 1179648K
  class space    used 13032K, committed 13376K, reserved 1048576K
}

